
2023-03-10T11:02:51.513278500 Settings test - ok!
2023-03-10T11:03:00.548688500 Test Logger message - ok!
2023-03-10T11:23:26.538851100 Server started! port - 5511

2023-03-10T11:29:44.714008200 Server started! port - 5511
2023-03-10T11:30:05.135006400 В чат добавился клиент - №1
2023-03-10T11:30:24.739986700 В чат добавился клиент - №2
2023-03-10T11:30:39.594781100 №1: Привет!
2023-03-10T11:30:51.043445600 №2: Привет!
2023-03-10T11:31:03.377318600 №1: Вроде работает
2023-03-10T11:31:22.071424800 №2: Вроде
2023-03-10T11:31:48.517144300 №1: В лог пишет и на серваке
2023-03-10T11:32:20.073770800 №2: Я ушел
2023-03-10T11:32:22.626371 №2 вышел из чата
2023-03-10T11:32:34.565130100 №1: Я ушел
2023-03-10T11:32:37.405038100 №1 вышел из чата
2023-03-10T20:17:45.071910600 Server started! port - 5511
2023-03-10T20:18:00.422504 В чат добавился клиент - №2
2023-03-10T20:18:14.401317100 №2: 
2023-03-10T20:18:19.140079900 №2 вышел из чата
2023-03-15T20:30:01.221012500 Settings test - ok!
2023-03-15T20:30:15.909235100 Test Logger message - ok!
